<?xml version="1.0" encoding="UTF-8"?>
<!-- Generated by org.testng.reporters.JUnitXMLReporter -->
<testsuite hostname="DESKTOP-I9S3ABE" ignored="0" name="YPIC FCCB Test Cases" tests="5" failures="0" timestamp="23 七月 2020 10:22:13 GMT" time="52.853" errors="0">
  <testcase name="@AfterMethod tearDown" time="0.0" classname="com.sinosoft.testcases.fccb.PGGLTestCase">
    <failure type="java.lang.NullPointerException">
      <![CDATA[java.lang.NullPointerException
	at com.sinosoft.testcases.fccb.PGGLTestCase.tearDown(PGGLTestCase.java:151)
	at java.util.concurrent.ThreadPoolExecutor.runWorker(ThreadPoolExecutor.java:1142)
	at java.util.concurrent.ThreadPoolExecutor$Worker.run(ThreadPoolExecutor.java:617)
	at java.lang.Thread.run(Thread.java:745)
... Removed 12 stack frames]]>
    </failure>
  </testcase> <!-- @AfterMethod tearDown -->
  <testcase name="FCCB_TBCL2" time="19.128" classname="com.sinosoft.testcases.fccb.PGGLTestCase"/>
  <testcase name="FCCB_TBCL1" time="19.707" classname="com.sinosoft.testcases.fccb.PGGLTestCase"/>
  <testcase name="FCCB_TBCL4" time="21.99" classname="com.sinosoft.testcases.fccb.PGGLTestCase"/>
  <testcase name="FCCB_TBCL3" time="25.97" classname="com.sinosoft.testcases.fccb.PGGLTestCase"/>
  <testcase name="tearDown" time="0.535" classname="com.sinosoft.testcases.fccb.PGGLTestCase"/>
</testsuite> <!-- YPIC FCCB Test Cases -->
