<?xml version="1.0" encoding="UTF-8"?>
<testng-results skipped="0" failed="1" ignored="2" total="3" passed="0">
  <reporter-output>
  </reporter-output>
  <suite name="Default suite" duration-ms="33950" started-at="2020-06-23T02:43:10Z" finished-at="2020-06-23T02:43:44Z">
    <groups>
    </groups>
    <test name="Default test" duration-ms="33950" started-at="2020-06-23T02:43:10Z" finished-at="2020-06-23T02:43:44Z">
      <class name="com.sinosoft.testcases.fccb.LoginPageTest">
        <test-method status="PASS" signature="Init()[pri:0, instance:com.sinosoft.testcases.fccb.LoginPageTest@335eadca]" name="Init" is-config="true" duration-ms="1985" started-at="2020-06-23T10:43:10Z" finished-at="2020-06-23T10:43:12Z">
          <reporter-output>
          </reporter-output>
        </test-method> <!-- Init -->
        <test-method status="PASS" signature="setup()[pri:0, instance:com.sinosoft.testcases.fccb.LoginPageTest@335eadca]" name="setup" is-config="true" duration-ms="13" started-at="2020-06-23T10:43:13Z" finished-at="2020-06-23T10:43:13Z">
          <reporter-output>
          </reporter-output>
        </test-method> <!-- setup -->
        <test-method status="FAIL" signature="FCCB_TBCL(java.util.Map)[pri:3, instance:com.sinosoft.testcases.fccb.LoginPageTest@335eadca]" name="FCCB_TBCL" duration-ms="31463" started-at="2020-06-23T10:43:13Z" data-provider="getTBCLTestData" finished-at="2020-06-23T10:43:44Z">
          <params>
            <param index="0">
              <value>
                <![CDATA[{ROW_ID=2, TestCaseName=FCCB_TB_JCX, TestCaseSeq=1, TestDescription=非车承保企财险-财产基本险-出单, riskClass=01, riskCode=0101, renewalInd=0, renewalPolicy=, prePay=, carrayOver=, carrayOverPolicy=, relatedInd=, relatedPolicy=, fbbs=, ywgs=01620189, qdlx=04, xstd=T6209880101, ywy=S000000029, ywly=01010101, cxywbs=, cdjg=, htzyjjfs=, jnwbz=, jw_country=, jw_Addr=, snbz=, sftkbd=0, sfdzbd=0, sfxb=0, fxqkyjytz=, sfydyw=, sfsn=, xbbdh=, tbr_lx=, tbr_mc=, tbr_vip=, tbr_dm=G6200019603, tbr_zjlx=, tbr_zjhm=, tbr_csrq=, tbr_lxdz=, tbr_dwdh=, lxr_xm=, lxr_xb=, lxr_zw=, lxr_sj=, lxr_yx=, xzsyfw=1, tqmc=, qbrq=2020-06-20, zbrq=2021-08-20, lgbbz=0, yyzdbz=0, sfgxdm=1, cbdq=0021, jqbm=121121123123, bbdm=CNY, sf=130000, cs=130300, qx=130302, yb=065201, jzdj=01, bxcs=北戴河公园}]]>
              </value>
            </param>
          </params>
          <exception class="org.openqa.selenium.NoSuchElementException">
            <message>
              <![CDATA[No options are selected
For documentation on this error, please visit: http://seleniumhq.org/exceptions/no_such_element.html
Build info: version: '3.14.0', revision: 'aacccce0', time: '2018-08-02T20:19:58.91Z'
System info: host: 'DESKTOP-I9S3ABE', ip: '100.100.95.159', os.name: 'Windows 10', os.arch: 'amd64', os.version: '10.0', java.version: '1.8.0_101'
Driver info: driver.version: unknown]]>
            </message>
            <full-stacktrace>
              <![CDATA[org.openqa.selenium.NoSuchElementException: No options are selected
For documentation on this error, please visit: http://seleniumhq.org/exceptions/no_such_element.html
Build info: version: '3.14.0', revision: 'aacccce0', time: '2018-08-02T20:19:58.91Z'
System info: host: 'DESKTOP-I9S3ABE', ip: '100.100.95.159', os.name: 'Windows 10', os.arch: 'amd64', os.version: '10.0', java.version: '1.8.0_101'
Driver info: driver.version: unknown
	at org.openqa.selenium.support.ui.Select.getFirstSelectedOption(Select.java:100)
	at com.sinosoft.test.fccp.common.FccbBase.setSelectWithStartText(FccbBase.java:87)
	at com.sinosoft.test.fccp.common.CodeSelectPage.selectByCodes(CodeSelectPage.java:59)
	at com.sinosoft.test.fccp.common.FccbBase.CodeSelect(FccbBase.java:45)
	at com.sinosoft.test.fccp.tbcl.BasicInfoPage.inputSalesInfoAction(BasicInfoPage.java:322)
	at com.sinosoft.test.fccp.tbcl.BasicInfoPage.inputSalesInfoAction(BasicInfoPage.java:330)
	at com.sinosoft.testcases.fccb.LoginPageTest.FCCB_TBCL(LoginPageTest.java:135)
	at sun.reflect.NativeMethodAccessorImpl.invoke0(Native Method)
	at sun.reflect.NativeMethodAccessorImpl.invoke(NativeMethodAccessorImpl.java:62)
	at sun.reflect.DelegatingMethodAccessorImpl.invoke(DelegatingMethodAccessorImpl.java:43)
	at java.lang.reflect.Method.invoke(Method.java:498)
	at org.testng.internal.MethodInvocationHelper.invokeMethod(MethodInvocationHelper.java:108)
	at org.testng.internal.Invoker.invokeMethod(Invoker.java:661)
	at org.testng.internal.Invoker.invokeTestMethod(Invoker.java:869)
	at org.testng.internal.Invoker.invokeTestMethods(Invoker.java:1193)
	at org.testng.internal.TestMethodWorker.invokeTestMethods(TestMethodWorker.java:126)
	at org.testng.internal.TestMethodWorker.run(TestMethodWorker.java:109)
	at org.testng.TestRunner.privateRun(TestRunner.java:744)
	at org.testng.TestRunner.run(TestRunner.java:602)
	at org.testng.SuiteRunner.runTest(SuiteRunner.java:380)
	at org.testng.SuiteRunner.runSequentially(SuiteRunner.java:375)
	at org.testng.SuiteRunner.privateRun(SuiteRunner.java:340)
	at org.testng.SuiteRunner.run(SuiteRunner.java:289)
	at org.testng.SuiteRunnerWorker.runSuite(SuiteRunnerWorker.java:52)
	at org.testng.SuiteRunnerWorker.run(SuiteRunnerWorker.java:86)
	at org.testng.TestNG.runSuitesSequentially(TestNG.java:1301)
	at org.testng.TestNG.runSuitesLocally(TestNG.java:1226)
	at org.testng.TestNG.runSuites(TestNG.java:1144)
	at org.testng.TestNG.run(TestNG.java:1115)
	at org.testng.remote.AbstractRemoteTestNG.run(AbstractRemoteTestNG.java:115)
	at org.testng.remote.RemoteTestNG.initAndRun(RemoteTestNG.java:251)
	at org.testng.remote.RemoteTestNG.main(RemoteTestNG.java:77)
]]>
            </full-stacktrace>
          </exception> <!-- org.openqa.selenium.NoSuchElementException -->
          <reporter-output>
          </reporter-output>
        </test-method> <!-- FCCB_TBCL -->
        <test-method status="PASS" signature="tearDown()[pri:0, instance:com.sinosoft.testcases.fccb.LoginPageTest@335eadca]" name="tearDown" is-config="true" duration-ms="0" started-at="2020-06-23T10:43:44Z" finished-at="2020-06-23T10:43:44Z">
          <reporter-output>
          </reporter-output>
        </test-method> <!-- tearDown -->
      </class> <!-- com.sinosoft.testcases.fccb.LoginPageTest -->
    </test> <!-- Default test -->
  </suite> <!-- Default suite -->
</testng-results>
